{"contracts/DutchAuction.sol":{"l":{"23":0,"27":0,"28":0,"29":0,"39":0,"40":0,"42":0,"43":0,"45":0,"49":0,"50":0,"51":0,"52":0,"53":0,"55":0,"56":0,"59":0,"60":0,"64":0,"65":0,"66":0,"70":0},"path":"/home/oncemore/blockchainwork/solaverse/contract/contracts/DutchAuction.sol","s":{"1":0,"2":0,"3":0,"4":0,"5":0,"6":0,"7":0,"8":0,"9":0,"10":0,"11":0,"12":0,"13":0,"14":0,"15":0,"16":0,"17":0,"18":0,"19":0,"20":0,"21":0,"22":0},"b":{"1":[0,0],"2":[0,0],"3":[0,0],"4":[0,0],"5":[0,0],"6":[0,0],"7":[0,0],"8":[0,0]},"f":{"1":0,"2":0,"3":0,"4":0,"5":0,"6":0},"fnMap":{"1":{"name":"constructor","line":22,"loc":{"start":{"line":22,"column":4},"end":{"line":24,"column":4}}},"2":{"name":"setAuction","line":26,"loc":{"start":{"line":26,"column":4},"end":{"line":36,"column":4}}},"3":{"name":"buy","line":38,"loc":{"start":{"line":38,"column":4},"end":{"line":46,"column":4}}},"4":{"name":"batchBuy","line":48,"loc":{"start":{"line":48,"column":4},"end":{"line":61,"column":4}}},"5":{"name":"getPrice","line":63,"loc":{"start":{"line":63,"column":4},"end":{"line":67,"column":4}}},"6":{"name":"setMaxBuyAmount","line":69,"loc":{"start":{"line":69,"column":4},"end":{"line":71,"column":4}}}},"statementMap":{"1":{"start":{"line":23,"column":8},"end":{"line":23,"column":30}},"2":{"start":{"line":27,"column":8},"end":{"line":27,"column":52}},"3":{"start":{"line":28,"column":8},"end":{"line":28,"column":54}},"4":{"start":{"line":29,"column":8},"end":{"line":29,"column":792}},"5":{"start":{"line":39,"column":8},"end":{"line":39,"column":100}},"6":{"start":{"line":40,"column":8},"end":{"line":40,"column":84}},"7":{"start":{"line":42,"column":8},"end":{"line":42,"column":39}},"8":{"start":{"line":43,"column":8},"end":{"line":43,"column":83}},"9":{"start":{"line":45,"column":8},"end":{"line":45,"column":57}},"10":{"start":{"line":49,"column":8},"end":{"line":49,"column":88}},"11":{"start":{"line":50,"column":8},"end":{"line":50,"column":21}},"12":{"start":{"line":51,"column":8},"end":{"line":51,"column":1626}},"13":{"start":{"line":52,"column":12},"end":{"line":52,"column":113}},"14":{"start":{"line":53,"column":12},"end":{"line":53,"column":97}},"15":{"start":{"line":55,"column":12},"end":{"line":55,"column":39}},"16":{"start":{"line":56,"column":12},"end":{"line":56,"column":87}},"17":{"start":{"line":59,"column":8},"end":{"line":59,"column":2099}},"18":{"start":{"line":60,"column":12},"end":{"line":60,"column":65}},"19":{"start":{"line":64,"column":8},"end":{"line":64,"column":68}},"20":{"start":{"line":65,"column":8},"end":{"line":65,"column":66}},"21":{"start":{"line":66,"column":8},"end":{"line":66,"column":52}},"22":{"start":{"line":70,"column":8},"end":{"line":70,"column":26}}},"branchMap":{"1":{"line":27,"type":"if","locations":[{"start":{"line":27,"column":8},"end":{"line":27,"column":8}},{"start":{"line":27,"column":8},"end":{"line":27,"column":8}}]},"2":{"line":39,"type":"if","locations":[{"start":{"line":39,"column":8},"end":{"line":39,"column":8}},{"start":{"line":39,"column":8},"end":{"line":39,"column":8}}]},"3":{"line":40,"type":"if","locations":[{"start":{"line":40,"column":8},"end":{"line":40,"column":8}},{"start":{"line":40,"column":8},"end":{"line":40,"column":8}}]},"4":{"line":43,"type":"if","locations":[{"start":{"line":43,"column":8},"end":{"line":43,"column":8}},{"start":{"line":43,"column":8},"end":{"line":43,"column":8}}]},"5":{"line":49,"type":"if","locations":[{"start":{"line":49,"column":8},"end":{"line":49,"column":8}},{"start":{"line":49,"column":8},"end":{"line":49,"column":8}}]},"6":{"line":52,"type":"if","locations":[{"start":{"line":52,"column":12},"end":{"line":52,"column":12}},{"start":{"line":52,"column":12},"end":{"line":52,"column":12}}]},"7":{"line":53,"type":"if","locations":[{"start":{"line":53,"column":12},"end":{"line":53,"column":12}},{"start":{"line":53,"column":12},"end":{"line":53,"column":12}}]},"8":{"line":56,"type":"if","locations":[{"start":{"line":56,"column":12},"end":{"line":56,"column":12}},{"start":{"line":56,"column":12},"end":{"line":56,"column":12}}]}}},"contracts/ERC721A.sol":{"l":{"49":3,"50":3,"57":0,"67":0,"68":0,"72":0,"74":0,"75":0,"76":0,"79":0,"80":0,"81":0,"82":0,"86":0,"100":0,"107":0,"114":1,"116":1,"117":1,"126":0,"133":0,"134":0,"136":0,"141":0,"148":0,"150":0,"157":0,"164":0,"176":0,"178":0,"189":0,"201":0,"202":0,"229":0,"230":0,"242":36,"253":0,"254":0,"255":0,"269":35,"281":35,"282":35,"283":35,"284":35,"286":35,"288":35,"289":35,"291":35,"293":35,"294":1000,"295":1000,"299":1000,"302":35,"304":35,"318":0,"320":0,"323":0,"325":0,"326":0,"328":0,"330":0,"349":0,"350":0,"352":0,"355":0,"357":0,"358":0,"359":0,"360":0,"361":0,"363":0,"365":0,"374":0,"375":0,"388":0,"389":0,"390":0,"409":1000,"410":0,"411":0,"413":0,"414":0,"416":0,"422":1000,"427":66},"path":"/home/oncemore/blockchainwork/solaverse/contract/contracts/ERC721A.sol","s":{"1":3,"2":3,"3":0,"4":0,"5":0,"6":0,"7":0,"8":0,"9":0,"10":0,"11":0,"12":0,"13":0,"14":0,"15":0,"16":0,"17":1,"18":1,"19":1,"20":0,"21":0,"22":0,"23":0,"24":0,"25":0,"26":0,"27":0,"28":0,"29":0,"30":0,"31":0,"32":0,"33":0,"34":0,"35":0,"36":36,"37":0,"38":0,"39":0,"40":35,"41":35,"42":35,"43":35,"44":35,"45":35,"46":35,"47":35,"48":35,"49":35,"50":1000,"51":1000,"52":35,"53":35,"54":0,"55":0,"56":0,"57":0,"58":0,"59":0,"60":0,"61":0,"62":0,"63":0,"64":0,"65":0,"66":0,"67":0,"68":0,"69":0,"70":0,"71":0,"72":0,"73":0,"74":0,"75":0,"76":1000,"77":0,"78":0,"79":0,"80":0,"81":1000,"82":66},"b":{"1":[0,0],"2":[0,0],"3":[0,0],"4":[0,0],"5":[1,0],"6":[0,0],"7":[0,0],"8":[0,0],"9":[0,0],"10":[0,0],"11":[0,0],"12":[0,0],"13":[35,0],"14":[35,0],"15":[35,0],"16":[1000,0],"17":[0,0],"18":[0,0],"19":[0,0],"20":[0,0],"21":[0,1000],"22":[0,0]},"f":{"1":3,"2":0,"3":0,"4":0,"5":0,"6":0,"7":1,"8":0,"9":0,"10":0,"11":0,"12":0,"13":0,"14":0,"15":0,"16":0,"17":36,"18":0,"19":35,"20":35,"21":0,"22":0,"23":0,"24":0,"25":1000,"26":66,"27":0,"28":0,"29":35,"30":35},"fnMap":{"1":{"name":"constructor","line":48,"loc":{"start":{"line":48,"column":4},"end":{"line":51,"column":4}}},"2":{"name":"supportsInterface","line":56,"loc":{"start":{"line":56,"column":4},"end":{"line":61,"column":4}}},"3":{"name":"balanceOf","line":66,"loc":{"start":{"line":66,"column":4},"end":{"line":69,"column":4}}},"4":{"name":"ownerOf","line":71,"loc":{"start":{"line":71,"column":4},"end":{"line":87,"column":4}}},"5":{"name":"name","line":99,"loc":{"start":{"line":99,"column":4},"end":{"line":101,"column":4}}},"6":{"name":"symbol","line":106,"loc":{"start":{"line":106,"column":4},"end":{"line":108,"column":4}}},"7":{"name":"tokenURI","line":113,"loc":{"start":{"line":113,"column":4},"end":{"line":118,"column":4}}},"8":{"name":"_baseURI","line":125,"loc":{"start":{"line":125,"column":4},"end":{"line":127,"column":4}}},"9":{"name":"approve","line":132,"loc":{"start":{"line":132,"column":4},"end":{"line":142,"column":4}}},"10":{"name":"getApproved","line":147,"loc":{"start":{"line":147,"column":4},"end":{"line":151,"column":4}}},"11":{"name":"setApprovalForAll","line":156,"loc":{"start":{"line":156,"column":4},"end":{"line":158,"column":4}}},"12":{"name":"isApprovedForAll","line":163,"loc":{"start":{"line":163,"column":4},"end":{"line":165,"column":4}}},"13":{"name":"transferFrom","line":170,"loc":{"start":{"line":170,"column":4},"end":{"line":179,"column":4}}},"14":{"name":"safeTransferFrom","line":184,"loc":{"start":{"line":184,"column":4},"end":{"line":190,"column":4}}},"15":{"name":"safeTransferFrom","line":195,"loc":{"start":{"line":195,"column":4},"end":{"line":203,"column":4}}},"16":{"name":"_safeTransfer","line":223,"loc":{"start":{"line":223,"column":4},"end":{"line":231,"column":4}}},"17":{"name":"_exists","line":241,"loc":{"start":{"line":241,"column":4},"end":{"line":243,"column":4}}},"18":{"name":"_isApprovedOrOwner","line":252,"loc":{"start":{"line":252,"column":4},"end":{"line":256,"column":4}}},"19":{"name":"_safeMint","line":268,"loc":{"start":{"line":268,"column":4},"end":{"line":270,"column":4}}},"20":{"name":"_safeMint","line":276,"loc":{"start":{"line":276,"column":4},"end":{"line":305,"column":4}}},"21":{"name":"_burn","line":317,"loc":{"start":{"line":317,"column":4},"end":{"line":331,"column":4}}},"22":{"name":"_transfer","line":344,"loc":{"start":{"line":344,"column":4},"end":{"line":366,"column":4}}},"23":{"name":"_approve","line":373,"loc":{"start":{"line":373,"column":4},"end":{"line":376,"column":4}}},"24":{"name":"_setApprovalForAll","line":383,"loc":{"start":{"line":383,"column":4},"end":{"line":391,"column":4}}},"25":{"name":"_checkOnERC721Received","line":403,"loc":{"start":{"line":403,"column":4},"end":{"line":424,"column":4}}},"26":{"name":"getTotalSupply","line":426,"loc":{"start":{"line":426,"column":4},"end":{"line":428,"column":4}}},"27":{"name":"_beforeTokenTransfer","line":443,"loc":{"start":{"line":443,"column":4},"end":{"line":447,"column":24}}},"28":{"name":"_afterTokenTransfer","line":460,"loc":{"start":{"line":460,"column":4},"end":{"line":464,"column":24}}},"29":{"name":"_beforeTokenTransfers","line":466,"loc":{"start":{"line":466,"column":4},"end":{"line":471,"column":24}}},"30":{"name":"_afterTokenTransfers","line":473,"loc":{"start":{"line":473,"column":4},"end":{"line":478,"column":24}}}},"statementMap":{"1":{"start":{"line":49,"column":8},"end":{"line":49,"column":20}},"2":{"start":{"line":50,"column":8},"end":{"line":50,"column":24}},"3":{"start":{"line":57,"column":8},"end":{"line":57,"column":2009}},"4":{"start":{"line":67,"column":8},"end":{"line":67,"column":82}},"5":{"start":{"line":68,"column":8},"end":{"line":68,"column":31}},"6":{"start":{"line":72,"column":8},"end":{"line":72,"column":78}},"7":{"start":{"line":74,"column":8},"end":{"line":74,"column":34}},"8":{"start":{"line":75,"column":8},"end":{"line":75,"column":2637}},"9":{"start":{"line":76,"column":12},"end":{"line":76,"column":58}},"10":{"start":{"line":79,"column":8},"end":{"line":79,"column":2748}},"11":{"start":{"line":80,"column":12},"end":{"line":80,"column":41}},"12":{"start":{"line":81,"column":12},"end":{"line":81,"column":2874}},"13":{"start":{"line":82,"column":16},"end":{"line":82,"column":28}},"14":{"start":{"line":86,"column":8},"end":{"line":86,"column":64}},"15":{"start":{"line":100,"column":8},"end":{"line":100,"column":20}},"16":{"start":{"line":107,"column":8},"end":{"line":107,"column":22}},"17":{"start":{"line":114,"column":8},"end":{"line":114,"column":83}},"18":{"start":{"line":116,"column":8},"end":{"line":116,"column":42}},"19":{"start":{"line":117,"column":8},"end":{"line":117,"column":101}},"20":{"start":{"line":126,"column":8},"end":{"line":126,"column":17}},"21":{"start":{"line":133,"column":8},"end":{"line":133,"column":48}},"22":{"start":{"line":134,"column":8},"end":{"line":134,"column":65}},"23":{"start":{"line":136,"column":8},"end":{"line":136,"column":4567}},"24":{"start":{"line":141,"column":8},"end":{"line":141,"column":28}},"25":{"start":{"line":148,"column":8},"end":{"line":148,"column":81}},"26":{"start":{"line":150,"column":8},"end":{"line":150,"column":39}},"27":{"start":{"line":157,"column":8},"end":{"line":157,"column":59}},"28":{"start":{"line":164,"column":8},"end":{"line":164,"column":50}},"29":{"start":{"line":176,"column":8},"end":{"line":176,"column":111}},"30":{"start":{"line":178,"column":8},"end":{"line":178,"column":35}},"31":{"start":{"line":189,"column":8},"end":{"line":189,"column":46}},"32":{"start":{"line":201,"column":8},"end":{"line":201,"column":111}},"33":{"start":{"line":202,"column":8},"end":{"line":202,"column":46}},"34":{"start":{"line":229,"column":8},"end":{"line":229,"column":35}},"35":{"start":{"line":230,"column":8},"end":{"line":230,"column":119}},"36":{"start":{"line":242,"column":8},"end":{"line":242,"column":37}},"37":{"start":{"line":253,"column":8},"end":{"line":253,"column":81}},"38":{"start":{"line":254,"column":8},"end":{"line":254,"column":48}},"39":{"start":{"line":255,"column":8},"end":{"line":255,"column":104}},"40":{"start":{"line":269,"column":8},"end":{"line":269,"column":34}},"41":{"start":{"line":281,"column":8},"end":{"line":281,"column":43}},"42":{"start":{"line":282,"column":8},"end":{"line":282,"column":69}},"43":{"start":{"line":283,"column":8},"end":{"line":283,"column":71}},"44":{"start":{"line":284,"column":8},"end":{"line":284,"column":77}},"45":{"start":{"line":286,"column":8},"end":{"line":286,"column":68}},"46":{"start":{"line":288,"column":8},"end":{"line":288,"column":32}},"47":{"start":{"line":289,"column":8},"end":{"line":289,"column":32}},"48":{"start":{"line":291,"column":8},"end":{"line":291,"column":43}},"49":{"start":{"line":293,"column":8},"end":{"line":293,"column":10030}},"50":{"start":{"line":294,"column":12},"end":{"line":294,"column":55}},"51":{"start":{"line":295,"column":12},"end":{"line":295,"column":10144}},"52":{"start":{"line":302,"column":8},"end":{"line":302,"column":34}},"53":{"start":{"line":304,"column":8},"end":{"line":304,"column":67}},"54":{"start":{"line":318,"column":8},"end":{"line":318,"column":48}},"55":{"start":{"line":320,"column":8},"end":{"line":320,"column":55}},"56":{"start":{"line":323,"column":8},"end":{"line":323,"column":36}},"57":{"start":{"line":325,"column":8},"end":{"line":325,"column":28}},"58":{"start":{"line":328,"column":8},"end":{"line":328,"column":49}},"59":{"start":{"line":330,"column":8},"end":{"line":330,"column":54}},"60":{"start":{"line":349,"column":8},"end":{"line":349,"column":90}},"61":{"start":{"line":350,"column":8},"end":{"line":350,"column":73}},"62":{"start":{"line":352,"column":8},"end":{"line":352,"column":46}},"63":{"start":{"line":355,"column":8},"end":{"line":355,"column":36}},"64":{"start":{"line":357,"column":8},"end":{"line":357,"column":27}},"65":{"start":{"line":358,"column":8},"end":{"line":358,"column":25}},"66":{"start":{"line":359,"column":8},"end":{"line":359,"column":28}},"67":{"start":{"line":360,"column":8},"end":{"line":360,"column":12016}},"68":{"start":{"line":361,"column":12},"end":{"line":361,"column":36}},"69":{"start":{"line":363,"column":8},"end":{"line":363,"column":40}},"70":{"start":{"line":365,"column":8},"end":{"line":365,"column":45}},"71":{"start":{"line":374,"column":8},"end":{"line":374,"column":36}},"72":{"start":{"line":375,"column":8},"end":{"line":375,"column":60}},"73":{"start":{"line":388,"column":8},"end":{"line":388,"column":63}},"74":{"start":{"line":389,"column":8},"end":{"line":389,"column":53}},"75":{"start":{"line":390,"column":8},"end":{"line":390,"column":54}},"76":{"start":{"line":409,"column":8},"end":{"line":409,"column":13656}},"77":{"start":{"line":410,"column":12},"end":{"line":410,"column":13695}},"78":{"start":{"line":411,"column":16},"end":{"line":411,"column":74}},"79":{"start":{"line":413,"column":16},"end":{"line":413,"column":13938}},"80":{"start":{"line":414,"column":20},"end":{"line":414,"column":80}},"81":{"start":{"line":422,"column":12},"end":{"line":422,"column":23}},"82":{"start":{"line":427,"column":8},"end":{"line":427,"column":27}}},"branchMap":{"1":{"line":67,"type":"if","locations":[{"start":{"line":67,"column":8},"end":{"line":67,"column":8}},{"start":{"line":67,"column":8},"end":{"line":67,"column":8}}]},"2":{"line":72,"type":"if","locations":[{"start":{"line":72,"column":8},"end":{"line":72,"column":8}},{"start":{"line":72,"column":8},"end":{"line":72,"column":8}}]},"3":{"line":75,"type":"if","locations":[{"start":{"line":75,"column":8},"end":{"line":75,"column":8}},{"start":{"line":75,"column":8},"end":{"line":75,"column":8}}]},"4":{"line":81,"type":"if","locations":[{"start":{"line":81,"column":12},"end":{"line":81,"column":12}},{"start":{"line":81,"column":12},"end":{"line":81,"column":12}}]},"5":{"line":114,"type":"if","locations":[{"start":{"line":114,"column":8},"end":{"line":114,"column":8}},{"start":{"line":114,"column":8},"end":{"line":114,"column":8}}]},"6":{"line":134,"type":"if","locations":[{"start":{"line":134,"column":8},"end":{"line":134,"column":8}},{"start":{"line":134,"column":8},"end":{"line":134,"column":8}}]},"7":{"line":136,"type":"if","locations":[{"start":{"line":136,"column":8},"end":{"line":136,"column":8}},{"start":{"line":136,"column":8},"end":{"line":136,"column":8}}]},"8":{"line":148,"type":"if","locations":[{"start":{"line":148,"column":8},"end":{"line":148,"column":8}},{"start":{"line":148,"column":8},"end":{"line":148,"column":8}}]},"9":{"line":176,"type":"if","locations":[{"start":{"line":176,"column":8},"end":{"line":176,"column":8}},{"start":{"line":176,"column":8},"end":{"line":176,"column":8}}]},"10":{"line":201,"type":"if","locations":[{"start":{"line":201,"column":8},"end":{"line":201,"column":8}},{"start":{"line":201,"column":8},"end":{"line":201,"column":8}}]},"11":{"line":230,"type":"if","locations":[{"start":{"line":230,"column":8},"end":{"line":230,"column":8}},{"start":{"line":230,"column":8},"end":{"line":230,"column":8}}]},"12":{"line":253,"type":"if","locations":[{"start":{"line":253,"column":8},"end":{"line":253,"column":8}},{"start":{"line":253,"column":8},"end":{"line":253,"column":8}}]},"13":{"line":282,"type":"if","locations":[{"start":{"line":282,"column":8},"end":{"line":282,"column":8}},{"start":{"line":282,"column":8},"end":{"line":282,"column":8}}]},"14":{"line":283,"type":"if","locations":[{"start":{"line":283,"column":8},"end":{"line":283,"column":8}},{"start":{"line":283,"column":8},"end":{"line":283,"column":8}}]},"15":{"line":284,"type":"if","locations":[{"start":{"line":284,"column":8},"end":{"line":284,"column":8}},{"start":{"line":284,"column":8},"end":{"line":284,"column":8}}]},"16":{"line":295,"type":"if","locations":[{"start":{"line":295,"column":12},"end":{"line":295,"column":12}},{"start":{"line":295,"column":12},"end":{"line":295,"column":12}}]},"17":{"line":349,"type":"if","locations":[{"start":{"line":349,"column":8},"end":{"line":349,"column":8}},{"start":{"line":349,"column":8},"end":{"line":349,"column":8}}]},"18":{"line":350,"type":"if","locations":[{"start":{"line":350,"column":8},"end":{"line":350,"column":8}},{"start":{"line":350,"column":8},"end":{"line":350,"column":8}}]},"19":{"line":360,"type":"if","locations":[{"start":{"line":360,"column":8},"end":{"line":360,"column":8}},{"start":{"line":360,"column":8},"end":{"line":360,"column":8}}]},"20":{"line":388,"type":"if","locations":[{"start":{"line":388,"column":8},"end":{"line":388,"column":8}},{"start":{"line":388,"column":8},"end":{"line":388,"column":8}}]},"21":{"line":409,"type":"if","locations":[{"start":{"line":409,"column":8},"end":{"line":409,"column":8}},{"start":{"line":409,"column":8},"end":{"line":409,"column":8}}]},"22":{"line":413,"type":"if","locations":[{"start":{"line":413,"column":16},"end":{"line":413,"column":16}},{"start":{"line":413,"column":16},"end":{"line":413,"column":16}}]}}},"contracts/Mum.sol":{"l":{"47":0,"51":0,"52":0,"58":0,"59":0,"63":0,"67":0,"71":0,"75":0,"79":0,"83":0,"84":0,"85":0,"86":0,"87":0,"90":0,"92":0,"93":0,"94":0,"97":0,"101":0,"103":0,"104":0,"105":0,"106":0,"122":0,"123":0,"124":0,"125":0,"127":0,"128":0,"129":0,"134":0,"135":0,"136":0,"137":0,"138":0,"140":0,"141":0,"142":0,"146":0,"147":0,"148":0,"149":0,"150":0,"151":0,"152":0,"153":0,"157":0,"170":0,"174":0,"175":0},"path":"/home/oncemore/blockchainwork/solaverse/contract/contracts/Mum.sol","s":{"1":0,"2":0,"3":0,"4":0,"5":0,"6":0,"7":0,"8":0,"9":0,"10":0,"11":0,"12":0,"13":0,"14":0,"15":0,"16":0,"17":0,"18":0,"19":0,"20":0,"21":0,"22":0,"23":0,"24":0,"25":0,"26":0,"27":0,"28":0,"29":0,"30":0,"31":0,"32":0,"33":0,"34":0,"35":0,"36":0,"37":0,"38":0,"39":0,"40":0,"41":0,"42":0,"43":0,"44":0,"45":0,"46":0,"47":0,"48":0,"49":0,"50":0,"51":0},"b":{"1":[0,0],"2":[0,0],"3":[0,0],"4":[0,0],"5":[0,0],"6":[0,0],"7":[0,0],"8":[0,0],"9":[0,0],"10":[0,0],"11":[0,0],"12":[0,0],"13":[0,0],"14":[0,0],"15":[0,0],"16":[0,0],"17":[0,0],"18":[0,0]},"f":{"1":0,"2":0,"3":0,"4":0,"5":0,"6":0,"7":0,"8":0,"9":0,"10":0,"11":0,"12":0,"13":0,"14":0,"15":0,"16":0,"17":0},"fnMap":{"1":{"name":"constructor","line":44,"loc":{"start":{"line":44,"column":4},"end":{"line":44,"column":81}}},"2":{"name":"setPaused","line":46,"loc":{"start":{"line":46,"column":4},"end":{"line":48,"column":4}}},"3":{"name":"emergencyPause","line":50,"loc":{"start":{"line":50,"column":4},"end":{"line":53,"column":4}}},"4":{"name":"withdrawAll","line":57,"loc":{"start":{"line":57,"column":1},"end":{"line":60,"column":4}}},"5":{"name":"_baseURI","line":62,"loc":{"start":{"line":62,"column":4},"end":{"line":64,"column":4}}},"6":{"name":"getStarContract","line":66,"loc":{"start":{"line":66,"column":4},"end":{"line":68,"column":4}}},"7":{"name":"setBaseURI","line":70,"loc":{"start":{"line":70,"column":4},"end":{"line":72,"column":4}}},"8":{"name":"setMintPaused","line":74,"loc":{"start":{"line":74,"column":4},"end":{"line":76,"column":4}}},"9":{"name":"getTotalMinted","line":78,"loc":{"start":{"line":78,"column":4},"end":{"line":80,"column":4}}},"10":{"name":"holderMint","line":82,"loc":{"start":{"line":82,"column":4},"end":{"line":98,"column":4}}},"11":{"name":"adminMint","line":100,"loc":{"start":{"line":100,"column":4},"end":{"line":107,"column":4}}},"12":{"name":"influencerMint","line":121,"loc":{"start":{"line":121,"column":4},"end":{"line":131,"column":4}}},"13":{"name":"whitelistMint","line":133,"loc":{"start":{"line":133,"column":4},"end":{"line":143,"column":4}}},"14":{"name":"publicSaleMint","line":145,"loc":{"start":{"line":145,"column":4},"end":{"line":154,"column":4}}},"15":{"name":"setPriceForRemaining","line":156,"loc":{"start":{"line":156,"column":4},"end":{"line":158,"column":4}}},"16":{"name":"setWhitelistRoot","line":169,"loc":{"start":{"line":169,"column":4},"end":{"line":171,"column":1}}},"17":{"name":"verifyWhitelist","line":173,"loc":{"start":{"line":173,"column":1},"end":{"line":176,"column":1}}}},"statementMap":{"1":{"start":{"line":47,"column":8},"end":{"line":47,"column":18}},"2":{"start":{"line":51,"column":8},"end":{"line":51,"column":42}},"3":{"start":{"line":58,"column":8},"end":{"line":58,"column":46}},"4":{"start":{"line":59,"column":8},"end":{"line":59,"column":40}},"5":{"start":{"line":63,"column":8},"end":{"line":63,"column":22}},"6":{"start":{"line":67,"column":8},"end":{"line":67,"column":36}},"7":{"start":{"line":71,"column":8},"end":{"line":71,"column":28}},"8":{"start":{"line":75,"column":8},"end":{"line":75,"column":28}},"9":{"start":{"line":79,"column":8},"end":{"line":79,"column":132}},"10":{"start":{"line":83,"column":8},"end":{"line":83,"column":56}},"11":{"start":{"line":84,"column":8},"end":{"line":84,"column":117}},"12":{"start":{"line":85,"column":8},"end":{"line":85,"column":2532}},"13":{"start":{"line":86,"column":12},"end":{"line":86,"column":119}},"14":{"start":{"line":87,"column":12},"end":{"line":87,"column":109}},"15":{"start":{"line":90,"column":8},"end":{"line":90,"column":40}},"16":{"start":{"line":92,"column":8},"end":{"line":92,"column":2876}},"17":{"start":{"line":93,"column":12},"end":{"line":93,"column":39}},"18":{"start":{"line":94,"column":12},"end":{"line":94,"column":59}},"19":{"start":{"line":97,"column":8},"end":{"line":97,"column":39}},"20":{"start":{"line":101,"column":8},"end":{"line":101,"column":96}},"21":{"start":{"line":103,"column":8},"end":{"line":103,"column":57}},"22":{"start":{"line":104,"column":8},"end":{"line":104,"column":110}},"23":{"start":{"line":105,"column":8},"end":{"line":105,"column":36}},"24":{"start":{"line":106,"column":8},"end":{"line":106,"column":34}},"25":{"start":{"line":122,"column":8},"end":{"line":122,"column":60}},"26":{"start":{"line":123,"column":8},"end":{"line":123,"column":81}},"27":{"start":{"line":124,"column":8},"end":{"line":124,"column":4414}},"28":{"start":{"line":125,"column":12},"end":{"line":125,"column":90}},"29":{"start":{"line":127,"column":8},"end":{"line":127,"column":4576}},"30":{"start":{"line":128,"column":12},"end":{"line":128,"column":44}},"31":{"start":{"line":129,"column":12},"end":{"line":129,"column":46}},"32":{"start":{"line":134,"column":8},"end":{"line":134,"column":80}},"33":{"start":{"line":135,"column":8},"end":{"line":135,"column":59}},"34":{"start":{"line":136,"column":8},"end":{"line":136,"column":104}},"35":{"start":{"line":137,"column":8},"end":{"line":137,"column":48}},"36":{"start":{"line":138,"column":8},"end":{"line":138,"column":101}},"37":{"start":{"line":140,"column":8},"end":{"line":140,"column":35}},"38":{"start":{"line":141,"column":8},"end":{"line":141,"column":37}},"39":{"start":{"line":142,"column":8},"end":{"line":142,"column":41}},"40":{"start":{"line":146,"column":8},"end":{"line":146,"column":56}},"41":{"start":{"line":147,"column":8},"end":{"line":147,"column":71}},"42":{"start":{"line":148,"column":8},"end":{"line":148,"column":61}},"43":{"start":{"line":149,"column":8},"end":{"line":149,"column":104}},"44":{"start":{"line":150,"column":8},"end":{"line":150,"column":46}},"45":{"start":{"line":151,"column":8},"end":{"line":151,"column":55}},"46":{"start":{"line":152,"column":8},"end":{"line":152,"column":36}},"47":{"start":{"line":153,"column":8},"end":{"line":153,"column":33}},"48":{"start":{"line":157,"column":8},"end":{"line":157,"column":26}},"49":{"start":{"line":170,"column":3},"end":{"line":170,"column":23}},"50":{"start":{"line":174,"column":2},"end":{"line":174,"column":61}},"51":{"start":{"line":175,"column":2},"end":{"line":175,"column":55}}},"branchMap":{"1":{"line":51,"type":"if","locations":[{"start":{"line":51,"column":8},"end":{"line":51,"column":8}},{"start":{"line":51,"column":8},"end":{"line":51,"column":8}}]},"2":{"line":83,"type":"if","locations":[{"start":{"line":83,"column":8},"end":{"line":83,"column":8}},{"start":{"line":83,"column":8},"end":{"line":83,"column":8}}]},"3":{"line":84,"type":"if","locations":[{"start":{"line":84,"column":8},"end":{"line":84,"column":8}},{"start":{"line":84,"column":8},"end":{"line":84,"column":8}}]},"4":{"line":86,"type":"if","locations":[{"start":{"line":86,"column":12},"end":{"line":86,"column":12}},{"start":{"line":86,"column":12},"end":{"line":86,"column":12}}]},"5":{"line":87,"type":"if","locations":[{"start":{"line":87,"column":12},"end":{"line":87,"column":12}},{"start":{"line":87,"column":12},"end":{"line":87,"column":12}}]},"6":{"line":101,"type":"if","locations":[{"start":{"line":101,"column":8},"end":{"line":101,"column":8}},{"start":{"line":101,"column":8},"end":{"line":101,"column":8}}]},"7":{"line":104,"type":"if","locations":[{"start":{"line":104,"column":8},"end":{"line":104,"column":8}},{"start":{"line":104,"column":8},"end":{"line":104,"column":8}}]},"8":{"line":122,"type":"if","locations":[{"start":{"line":122,"column":8},"end":{"line":122,"column":8}},{"start":{"line":122,"column":8},"end":{"line":122,"column":8}}]},"9":{"line":123,"type":"if","locations":[{"start":{"line":123,"column":8},"end":{"line":123,"column":8}},{"start":{"line":123,"column":8},"end":{"line":123,"column":8}}]},"10":{"line":125,"type":"if","locations":[{"start":{"line":125,"column":12},"end":{"line":125,"column":12}},{"start":{"line":125,"column":12},"end":{"line":125,"column":12}}]},"11":{"line":134,"type":"if","locations":[{"start":{"line":134,"column":8},"end":{"line":134,"column":8}},{"start":{"line":134,"column":8},"end":{"line":134,"column":8}}]},"12":{"line":135,"type":"if","locations":[{"start":{"line":135,"column":8},"end":{"line":135,"column":8}},{"start":{"line":135,"column":8},"end":{"line":135,"column":8}}]},"13":{"line":136,"type":"if","locations":[{"start":{"line":136,"column":8},"end":{"line":136,"column":8}},{"start":{"line":136,"column":8},"end":{"line":136,"column":8}}]},"14":{"line":138,"type":"if","locations":[{"start":{"line":138,"column":8},"end":{"line":138,"column":8}},{"start":{"line":138,"column":8},"end":{"line":138,"column":8}}]},"15":{"line":146,"type":"if","locations":[{"start":{"line":146,"column":8},"end":{"line":146,"column":8}},{"start":{"line":146,"column":8},"end":{"line":146,"column":8}}]},"16":{"line":147,"type":"if","locations":[{"start":{"line":147,"column":8},"end":{"line":147,"column":8}},{"start":{"line":147,"column":8},"end":{"line":147,"column":8}}]},"17":{"line":149,"type":"if","locations":[{"start":{"line":149,"column":8},"end":{"line":149,"column":8}},{"start":{"line":149,"column":8},"end":{"line":149,"column":8}}]},"18":{"line":151,"type":"if","locations":[{"start":{"line":151,"column":8},"end":{"line":151,"column":8}},{"start":{"line":151,"column":8},"end":{"line":151,"column":8}}]}}},"contracts/Mum2.sol":{"l":{"64":1,"65":1,"67":1,"69":50,"70":50,"73":1,"75":1,"77":50,"78":50,"81":1,"90":1,"91":1,"92":1,"94":1,"95":1,"97":1,"99":1,"100":1,"109":1,"110":1,"111":1,"113":1,"114":1,"116":1,"118":1,"119":1,"128":30,"129":30,"130":30,"131":30,"132":30,"134":30,"136":30,"138":30,"140":0,"150":2,"152":2,"154":2,"163":1,"172":1,"181":1,"190":1,"199":1,"208":1,"217":1,"226":1,"235":1,"244":0,"245":0,"247":0,"249":0,"251":0,"254":0,"256":0,"266":0,"268":0,"279":0,"288":1,"289":1,"290":1},"path":"/home/oncemore/blockchainwork/solaverse/contract/contracts/Mum2.sol","s":{"1":1,"2":1,"3":1,"4":50,"5":50,"6":1,"7":1,"8":50,"9":50,"10":1,"11":1,"12":1,"13":1,"14":1,"15":1,"16":1,"17":1,"18":1,"19":1,"20":1,"21":1,"22":1,"23":1,"24":1,"25":1,"26":1,"27":30,"28":30,"29":30,"30":30,"31":30,"32":30,"33":30,"34":30,"35":0,"36":2,"37":2,"38":2,"39":1,"40":1,"41":1,"42":1,"43":1,"44":1,"45":1,"46":1,"47":1,"48":0,"49":0,"50":0,"51":0,"52":0,"53":0,"54":0,"55":0,"56":0,"57":0,"58":1,"59":1,"60":1},"b":{"1":[1,0],"2":[1,0],"3":[50,0],"4":[50,0],"5":[1,0],"6":[1,0],"7":[1,0],"8":[1,0],"9":[1,0],"10":[1,0],"11":[1,0],"12":[1,0],"13":[30,0],"14":[30,0],"15":[30,0],"16":[30,0],"17":[30,0],"18":[0,30],"19":[2,0],"20":[0,0],"21":[0,0],"22":[0,0],"23":[0,0],"24":[0,0],"25":[1,0]},"f":{"1":3,"2":1,"3":1,"4":1,"5":30,"6":2,"7":1,"8":1,"9":1,"10":1,"11":1,"12":1,"13":1,"14":1,"15":1,"16":0,"17":0,"18":0,"19":1},"fnMap":{"1":{"name":"constructor","line":47,"loc":{"start":{"line":47,"column":1},"end":{"line":47,"column":52}}},"2":{"name":"holderMint","line":62,"loc":{"start":{"line":62,"column":1},"end":{"line":82,"column":1}}},"3":{"name":"whitelistMint","line":88,"loc":{"start":{"line":88,"column":1},"end":{"line":101,"column":1}}},"4":{"name":"tieredWhitelistMint","line":107,"loc":{"start":{"line":107,"column":1},"end":{"line":120,"column":1}}},"5":{"name":"publicMint","line":126,"loc":{"start":{"line":126,"column":1},"end":{"line":142,"column":1}}},"6":{"name":"adminMint","line":148,"loc":{"start":{"line":148,"column":1},"end":{"line":155,"column":1}}},"7":{"name":"setStarContract","line":161,"loc":{"start":{"line":161,"column":1},"end":{"line":164,"column":1}}},"8":{"name":"setWhitelistMerkleRoot","line":170,"loc":{"start":{"line":170,"column":1},"end":{"line":173,"column":1}}},"9":{"name":"setTieredWhitelistMerkleRoot","line":179,"loc":{"start":{"line":179,"column":1},"end":{"line":182,"column":1}}},"10":{"name":"toggleHolderMint","line":188,"loc":{"start":{"line":188,"column":1},"end":{"line":191,"column":1}}},"11":{"name":"toggleWhitelistMint","line":197,"loc":{"start":{"line":197,"column":1},"end":{"line":200,"column":1}}},"12":{"name":"togglepublicMint","line":206,"loc":{"start":{"line":206,"column":1},"end":{"line":209,"column":1}}},"13":{"name":"setPublicMintPrice","line":215,"loc":{"start":{"line":215,"column":1},"end":{"line":218,"column":1}}},"14":{"name":"setBaseURI","line":224,"loc":{"start":{"line":224,"column":1},"end":{"line":227,"column":1}}},"15":{"name":"_baseURI","line":233,"loc":{"start":{"line":233,"column":1},"end":{"line":236,"column":1}}},"16":{"name":"finalizeStartingIndex","line":242,"loc":{"start":{"line":242,"column":1},"end":{"line":258,"column":1}}},"17":{"name":"emergencySetStartingIndexBlock","line":264,"loc":{"start":{"line":264,"column":1},"end":{"line":269,"column":1}}},"18":{"name":"setProvenanceHash","line":277,"loc":{"start":{"line":277,"column":1},"end":{"line":280,"column":1}}},"19":{"name":"withdraw","line":286,"loc":{"start":{"line":286,"column":1},"end":{"line":291,"column":1}}}},"statementMap":{"1":{"start":{"line":64,"column":2},"end":{"line":64,"column":52}},"2":{"start":{"line":65,"column":2},"end":{"line":65,"column":64}},"3":{"start":{"line":67,"column":2},"end":{"line":67,"column":1744}},"4":{"start":{"line":69,"column":3},"end":{"line":69,"column":81}},"5":{"start":{"line":70,"column":3},"end":{"line":70,"column":74}},"6":{"start":{"line":73,"column":2},"end":{"line":73,"column":35}},"7":{"start":{"line":75,"column":2},"end":{"line":75,"column":1993}},"8":{"start":{"line":77,"column":3},"end":{"line":77,"column":29}},"9":{"start":{"line":78,"column":3},"end":{"line":78,"column":49}},"10":{"start":{"line":81,"column":2},"end":{"line":81,"column":34}},"11":{"start":{"line":90,"column":2},"end":{"line":90,"column":58}},"12":{"start":{"line":91,"column":2},"end":{"line":91,"column":81}},"13":{"start":{"line":92,"column":2},"end":{"line":92,"column":75}},"14":{"start":{"line":94,"column":2},"end":{"line":94,"column":56}},"15":{"start":{"line":95,"column":2},"end":{"line":95,"column":75}},"16":{"start":{"line":97,"column":2},"end":{"line":97,"column":35}},"17":{"start":{"line":99,"column":2},"end":{"line":99,"column":35}},"18":{"start":{"line":100,"column":2},"end":{"line":100,"column":37}},"19":{"start":{"line":109,"column":2},"end":{"line":109,"column":58}},"20":{"start":{"line":110,"column":2},"end":{"line":110,"column":81}},"21":{"start":{"line":111,"column":2},"end":{"line":111,"column":75}},"22":{"start":{"line":113,"column":2},"end":{"line":113,"column":69}},"23":{"start":{"line":114,"column":2},"end":{"line":114,"column":81}},"24":{"start":{"line":116,"column":2},"end":{"line":116,"column":35}},"25":{"start":{"line":118,"column":2},"end":{"line":118,"column":35}},"26":{"start":{"line":119,"column":2},"end":{"line":119,"column":37}},"27":{"start":{"line":128,"column":2},"end":{"line":128,"column":52}},"28":{"start":{"line":129,"column":2},"end":{"line":129,"column":59}},"29":{"start":{"line":130,"column":2},"end":{"line":130,"column":81}},"30":{"start":{"line":131,"column":2},"end":{"line":131,"column":78}},"31":{"start":{"line":132,"column":2},"end":{"line":132,"column":81}},"32":{"start":{"line":134,"column":2},"end":{"line":134,"column":35}},"33":{"start":{"line":136,"column":2},"end":{"line":136,"column":34}},"34":{"start":{"line":138,"column":2},"end":{"line":138,"column":3998}},"35":{"start":{"line":140,"column":3},"end":{"line":140,"column":35}},"36":{"start":{"line":150,"column":2},"end":{"line":150,"column":62}},"37":{"start":{"line":152,"column":2},"end":{"line":152,"column":28}},"38":{"start":{"line":154,"column":2},"end":{"line":154,"column":33}},"39":{"start":{"line":163,"column":2},"end":{"line":163,"column":30}},"40":{"start":{"line":172,"column":2},"end":{"line":172,"column":22}},"41":{"start":{"line":181,"column":2},"end":{"line":181,"column":28}},"42":{"start":{"line":190,"column":2},"end":{"line":190,"column":37}},"43":{"start":{"line":199,"column":2},"end":{"line":199,"column":43}},"44":{"start":{"line":208,"column":2},"end":{"line":208,"column":37}},"45":{"start":{"line":217,"column":2},"end":{"line":217,"column":25}},"46":{"start":{"line":226,"column":2},"end":{"line":226,"column":22}},"47":{"start":{"line":235,"column":2},"end":{"line":235,"column":16}},"48":{"start":{"line":244,"column":2},"end":{"line":244,"column":59}},"49":{"start":{"line":245,"column":2},"end":{"line":245,"column":66}},"50":{"start":{"line":247,"column":2},"end":{"line":247,"column":67}},"51":{"start":{"line":249,"column":2},"end":{"line":249,"column":6228}},"52":{"start":{"line":251,"column":3},"end":{"line":251,"column":69}},"53":{"start":{"line":254,"column":2},"end":{"line":254,"column":6359}},"54":{"start":{"line":256,"column":3},"end":{"line":256,"column":38}},"55":{"start":{"line":266,"column":2},"end":{"line":266,"column":59}},"56":{"start":{"line":268,"column":2},"end":{"line":268,"column":34}},"57":{"start":{"line":279,"column":2},"end":{"line":279,"column":34}},"58":{"start":{"line":288,"column":2},"end":{"line":288,"column":41}},"59":{"start":{"line":289,"column":2},"end":{"line":289,"column":37}},"60":{"start":{"line":290,"column":2},"end":{"line":290,"column":38}}},"branchMap":{"1":{"line":64,"type":"if","locations":[{"start":{"line":64,"column":2},"end":{"line":64,"column":2}},{"start":{"line":64,"column":2},"end":{"line":64,"column":2}}]},"2":{"line":65,"type":"if","locations":[{"start":{"line":65,"column":2},"end":{"line":65,"column":2}},{"start":{"line":65,"column":2},"end":{"line":65,"column":2}}]},"3":{"line":69,"type":"if","locations":[{"start":{"line":69,"column":3},"end":{"line":69,"column":3}},{"start":{"line":69,"column":3},"end":{"line":69,"column":3}}]},"4":{"line":70,"type":"if","locations":[{"start":{"line":70,"column":3},"end":{"line":70,"column":3}},{"start":{"line":70,"column":3},"end":{"line":70,"column":3}}]},"5":{"line":90,"type":"if","locations":[{"start":{"line":90,"column":2},"end":{"line":90,"column":2}},{"start":{"line":90,"column":2},"end":{"line":90,"column":2}}]},"6":{"line":91,"type":"if","locations":[{"start":{"line":91,"column":2},"end":{"line":91,"column":2}},{"start":{"line":91,"column":2},"end":{"line":91,"column":2}}]},"7":{"line":92,"type":"if","locations":[{"start":{"line":92,"column":2},"end":{"line":92,"column":2}},{"start":{"line":92,"column":2},"end":{"line":92,"column":2}}]},"8":{"line":95,"type":"if","locations":[{"start":{"line":95,"column":2},"end":{"line":95,"column":2}},{"start":{"line":95,"column":2},"end":{"line":95,"column":2}}]},"9":{"line":109,"type":"if","locations":[{"start":{"line":109,"column":2},"end":{"line":109,"column":2}},{"start":{"line":109,"column":2},"end":{"line":109,"column":2}}]},"10":{"line":110,"type":"if","locations":[{"start":{"line":110,"column":2},"end":{"line":110,"column":2}},{"start":{"line":110,"column":2},"end":{"line":110,"column":2}}]},"11":{"line":111,"type":"if","locations":[{"start":{"line":111,"column":2},"end":{"line":111,"column":2}},{"start":{"line":111,"column":2},"end":{"line":111,"column":2}}]},"12":{"line":114,"type":"if","locations":[{"start":{"line":114,"column":2},"end":{"line":114,"column":2}},{"start":{"line":114,"column":2},"end":{"line":114,"column":2}}]},"13":{"line":128,"type":"if","locations":[{"start":{"line":128,"column":2},"end":{"line":128,"column":2}},{"start":{"line":128,"column":2},"end":{"line":128,"column":2}}]},"14":{"line":129,"type":"if","locations":[{"start":{"line":129,"column":2},"end":{"line":129,"column":2}},{"start":{"line":129,"column":2},"end":{"line":129,"column":2}}]},"15":{"line":130,"type":"if","locations":[{"start":{"line":130,"column":2},"end":{"line":130,"column":2}},{"start":{"line":130,"column":2},"end":{"line":130,"column":2}}]},"16":{"line":131,"type":"if","locations":[{"start":{"line":131,"column":2},"end":{"line":131,"column":2}},{"start":{"line":131,"column":2},"end":{"line":131,"column":2}}]},"17":{"line":132,"type":"if","locations":[{"start":{"line":132,"column":2},"end":{"line":132,"column":2}},{"start":{"line":132,"column":2},"end":{"line":132,"column":2}}]},"18":{"line":138,"type":"if","locations":[{"start":{"line":138,"column":2},"end":{"line":138,"column":2}},{"start":{"line":138,"column":2},"end":{"line":138,"column":2}}]},"19":{"line":150,"type":"if","locations":[{"start":{"line":150,"column":2},"end":{"line":150,"column":2}},{"start":{"line":150,"column":2},"end":{"line":150,"column":2}}]},"20":{"line":244,"type":"if","locations":[{"start":{"line":244,"column":2},"end":{"line":244,"column":2}},{"start":{"line":244,"column":2},"end":{"line":244,"column":2}}]},"21":{"line":245,"type":"if","locations":[{"start":{"line":245,"column":2},"end":{"line":245,"column":2}},{"start":{"line":245,"column":2},"end":{"line":245,"column":2}}]},"22":{"line":249,"type":"if","locations":[{"start":{"line":249,"column":2},"end":{"line":249,"column":2}},{"start":{"line":249,"column":2},"end":{"line":249,"column":2}}]},"23":{"line":254,"type":"if","locations":[{"start":{"line":254,"column":2},"end":{"line":254,"column":2}},{"start":{"line":254,"column":2},"end":{"line":254,"column":2}}]},"24":{"line":266,"type":"if","locations":[{"start":{"line":266,"column":2},"end":{"line":266,"column":2}},{"start":{"line":266,"column":2},"end":{"line":266,"column":2}}]},"25":{"line":289,"type":"if","locations":[{"start":{"line":289,"column":2},"end":{"line":289,"column":2}},{"start":{"line":289,"column":2},"end":{"line":289,"column":2}}]}}},"contracts/Star.sol":{"l":{"13":1,"14":50,"15":1},"path":"/home/oncemore/blockchainwork/solaverse/contract/contracts/Star.sol","s":{"1":1,"2":50,"3":1},"b":{},"f":{"1":3,"2":1},"fnMap":{"1":{"name":"constructor","line":10,"loc":{"start":{"line":10,"column":4},"end":{"line":10,"column":47}}},"2":{"name":"mint","line":12,"loc":{"start":{"line":12,"column":4},"end":{"line":16,"column":4}}}},"statementMap":{"1":{"start":{"line":13,"column":8},"end":{"line":13,"column":321}},"2":{"start":{"line":14,"column":12},"end":{"line":14,"column":50}},"3":{"start":{"line":15,"column":8},"end":{"line":15,"column":29}}},"branchMap":{}}}