TN:
SF:/home/oncemore/blockchainwork/solaverse/contract/contracts/DutchAuction.sol
FN:22,constructor
FN:26,setAuction
FN:38,buy
FN:48,batchBuy
FN:63,getPrice
FN:69,setMaxBuyAmount
FNF:6
FNH:0
FNDA:0,constructor
FNDA:0,setAuction
FNDA:0,buy
FNDA:0,batchBuy
FNDA:0,getPrice
FNDA:0,setMaxBuyAmount
DA:23,0
DA:27,0
DA:28,0
DA:29,0
DA:39,0
DA:40,0
DA:42,0
DA:43,0
DA:45,0
DA:49,0
DA:50,0
DA:51,0
DA:52,0
DA:53,0
DA:55,0
DA:56,0
DA:59,0
DA:60,0
DA:64,0
DA:65,0
DA:66,0
DA:70,0
LF:22
LH:0
BRDA:27,1,0,0
BRDA:27,1,1,0
BRDA:39,2,0,0
BRDA:39,2,1,0
BRDA:40,3,0,0
BRDA:40,3,1,0
BRDA:43,4,0,0
BRDA:43,4,1,0
BRDA:49,5,0,0
BRDA:49,5,1,0
BRDA:52,6,0,0
BRDA:52,6,1,0
BRDA:53,7,0,0
BRDA:53,7,1,0
BRDA:56,8,0,0
BRDA:56,8,1,0
BRF:16
BRH:0
end_of_record
TN:
SF:/home/oncemore/blockchainwork/solaverse/contract/contracts/ERC721A.sol
FN:48,constructor
FN:56,supportsInterface
FN:66,balanceOf
FN:71,ownerOf
FN:99,name
FN:106,symbol
FN:113,tokenURI
FN:125,_baseURI
FN:132,approve
FN:147,getApproved
FN:156,setApprovalForAll
FN:163,isApprovedForAll
FN:170,transferFrom
FN:184,safeTransferFrom
FN:195,safeTransferFrom
FN:223,_safeTransfer
FN:241,_exists
FN:252,_isApprovedOrOwner
FN:268,_safeMint
FN:276,_safeMint
FN:317,_burn
FN:344,_transfer
FN:373,_approve
FN:383,_setApprovalForAll
FN:403,_checkOnERC721Received
FN:426,getTotalSupply
FN:443,_beforeTokenTransfer
FN:460,_afterTokenTransfer
FN:466,_beforeTokenTransfers
FN:473,_afterTokenTransfers
FNF:30
FNH:9
FNDA:3,constructor
FNDA:0,supportsInterface
FNDA:0,balanceOf
FNDA:0,ownerOf
FNDA:0,name
FNDA:0,symbol
FNDA:1,tokenURI
FNDA:0,_baseURI
FNDA:0,approve
FNDA:0,getApproved
FNDA:0,setApprovalForAll
FNDA:0,isApprovedForAll
FNDA:0,transferFrom
FNDA:0,safeTransferFrom
FNDA:0,safeTransferFrom
FNDA:0,_safeTransfer
FNDA:36,_exists
FNDA:0,_isApprovedOrOwner
FNDA:35,_safeMint
FNDA:35,_safeMint
FNDA:0,_burn
FNDA:0,_transfer
FNDA:0,_approve
FNDA:0,_setApprovalForAll
FNDA:1000,_checkOnERC721Received
FNDA:66,getTotalSupply
FNDA:0,_beforeTokenTransfer
FNDA:0,_afterTokenTransfer
FNDA:35,_beforeTokenTransfers
FNDA:35,_afterTokenTransfers
DA:49,3
DA:50,3
DA:57,0
DA:67,0
DA:68,0
DA:72,0
DA:74,0
DA:75,0
DA:76,0
DA:79,0
DA:80,0
DA:81,0
DA:82,0
DA:86,0
DA:100,0
DA:107,0
DA:114,1
DA:116,1
DA:117,1
DA:126,0
DA:133,0
DA:134,0
DA:136,0
DA:141,0
DA:148,0
DA:150,0
DA:157,0
DA:164,0
DA:176,0
DA:178,0
DA:189,0
DA:201,0
DA:202,0
DA:229,0
DA:230,0
DA:242,36
DA:253,0
DA:254,0
DA:255,0
DA:269,35
DA:281,35
DA:282,35
DA:283,35
DA:284,35
DA:286,35
DA:288,35
DA:289,35
DA:291,35
DA:293,35
DA:294,1000
DA:295,1000
DA:299,1000
DA:302,35
DA:304,35
DA:318,0
DA:320,0
DA:323,0
DA:325,0
DA:326,0
DA:328,0
DA:330,0
DA:349,0
DA:350,0
DA:352,0
DA:355,0
DA:357,0
DA:358,0
DA:359,0
DA:360,0
DA:361,0
DA:363,0
DA:365,0
DA:374,0
DA:375,0
DA:388,0
DA:389,0
DA:390,0
DA:409,1000
DA:410,0
DA:411,0
DA:413,0
DA:414,0
DA:416,0
DA:422,1000
DA:427,66
LF:85
LH:24
BRDA:67,1,0,0
BRDA:67,1,1,0
BRDA:72,2,0,0
BRDA:72,2,1,0
BRDA:75,3,0,0
BRDA:75,3,1,0
BRDA:81,4,0,0
BRDA:81,4,1,0
BRDA:114,5,0,1
BRDA:114,5,1,0
BRDA:134,6,0,0
BRDA:134,6,1,0
BRDA:136,7,0,0
BRDA:136,7,1,0
BRDA:148,8,0,0
BRDA:148,8,1,0
BRDA:176,9,0,0
BRDA:176,9,1,0
BRDA:201,10,0,0
BRDA:201,10,1,0
BRDA:230,11,0,0
BRDA:230,11,1,0
BRDA:253,12,0,0
BRDA:253,12,1,0
BRDA:282,13,0,35
BRDA:282,13,1,0
BRDA:283,14,0,35
BRDA:283,14,1,0
BRDA:284,15,0,35
BRDA:284,15,1,0
BRDA:295,16,0,1000
BRDA:295,16,1,0
BRDA:349,17,0,0
BRDA:349,17,1,0
BRDA:350,18,0,0
BRDA:350,18,1,0
BRDA:360,19,0,0
BRDA:360,19,1,0
BRDA:388,20,0,0
BRDA:388,20,1,0
BRDA:409,21,0,0
BRDA:409,21,1,1000
BRDA:413,22,0,0
BRDA:413,22,1,0
BRF:44
BRH:6
end_of_record
TN:
SF:/home/oncemore/blockchainwork/solaverse/contract/contracts/Mum.sol
FN:44,constructor
FN:46,setPaused
FN:50,emergencyPause
FN:57,withdrawAll
FN:62,_baseURI
FN:66,getStarContract
FN:70,setBaseURI
FN:74,setMintPaused
FN:78,getTotalMinted
FN:82,holderMint
FN:100,adminMint
FN:121,influencerMint
FN:133,whitelistMint
FN:145,publicSaleMint
FN:156,setPriceForRemaining
FN:169,setWhitelistRoot
FN:173,verifyWhitelist
FNF:17
FNH:0
FNDA:0,constructor
FNDA:0,setPaused
FNDA:0,emergencyPause
FNDA:0,withdrawAll
FNDA:0,_baseURI
FNDA:0,getStarContract
FNDA:0,setBaseURI
FNDA:0,setMintPaused
FNDA:0,getTotalMinted
FNDA:0,holderMint
FNDA:0,adminMint
FNDA:0,influencerMint
FNDA:0,whitelistMint
FNDA:0,publicSaleMint
FNDA:0,setPriceForRemaining
FNDA:0,setWhitelistRoot
FNDA:0,verifyWhitelist
DA:47,0
DA:51,0
DA:52,0
DA:58,0
DA:59,0
DA:63,0
DA:67,0
DA:71,0
DA:75,0
DA:79,0
DA:83,0
DA:84,0
DA:85,0
DA:86,0
DA:87,0
DA:90,0
DA:92,0
DA:93,0
DA:94,0
DA:97,0
DA:101,0
DA:103,0
DA:104,0
DA:105,0
DA:106,0
DA:122,0
DA:123,0
DA:124,0
DA:125,0
DA:127,0
DA:128,0
DA:129,0
DA:134,0
DA:135,0
DA:136,0
DA:137,0
DA:138,0
DA:140,0
DA:141,0
DA:142,0
DA:146,0
DA:147,0
DA:148,0
DA:149,0
DA:150,0
DA:151,0
DA:152,0
DA:153,0
DA:157,0
DA:170,0
DA:174,0
DA:175,0
LF:52
LH:0
BRDA:51,1,0,0
BRDA:51,1,1,0
BRDA:83,2,0,0
BRDA:83,2,1,0
BRDA:84,3,0,0
BRDA:84,3,1,0
BRDA:86,4,0,0
BRDA:86,4,1,0
BRDA:87,5,0,0
BRDA:87,5,1,0
BRDA:101,6,0,0
BRDA:101,6,1,0
BRDA:104,7,0,0
BRDA:104,7,1,0
BRDA:122,8,0,0
BRDA:122,8,1,0
BRDA:123,9,0,0
BRDA:123,9,1,0
BRDA:125,10,0,0
BRDA:125,10,1,0
BRDA:134,11,0,0
BRDA:134,11,1,0
BRDA:135,12,0,0
BRDA:135,12,1,0
BRDA:136,13,0,0
BRDA:136,13,1,0
BRDA:138,14,0,0
BRDA:138,14,1,0
BRDA:146,15,0,0
BRDA:146,15,1,0
BRDA:147,16,0,0
BRDA:147,16,1,0
BRDA:149,17,0,0
BRDA:149,17,1,0
BRDA:151,18,0,0
BRDA:151,18,1,0
BRF:36
BRH:0
end_of_record
TN:
SF:/home/oncemore/blockchainwork/solaverse/contract/contracts/Mum2.sol
FN:47,constructor
FN:62,holderMint
FN:88,whitelistMint
FN:107,tieredWhitelistMint
FN:126,publicMint
FN:148,adminMint
FN:161,setStarContract
FN:170,setWhitelistMerkleRoot
FN:179,setTieredWhitelistMerkleRoot
FN:188,toggleHolderMint
FN:197,toggleWhitelistMint
FN:206,togglepublicMint
FN:215,setPublicMintPrice
FN:224,setBaseURI
FN:233,_baseURI
FN:242,finalizeStartingIndex
FN:264,emergencySetStartingIndexBlock
FN:277,setProvenanceHash
FN:286,withdraw
FNF:19
FNH:16
FNDA:3,constructor
FNDA:1,holderMint
FNDA:1,whitelistMint
FNDA:1,tieredWhitelistMint
FNDA:30,publicMint
FNDA:2,adminMint
FNDA:1,setStarContract
FNDA:1,setWhitelistMerkleRoot
FNDA:1,setTieredWhitelistMerkleRoot
FNDA:1,toggleHolderMint
FNDA:1,toggleWhitelistMint
FNDA:1,togglepublicMint
FNDA:1,setPublicMintPrice
FNDA:1,setBaseURI
FNDA:1,_baseURI
FNDA:0,finalizeStartingIndex
FNDA:0,emergencySetStartingIndexBlock
FNDA:0,setProvenanceHash
FNDA:1,withdraw
DA:64,1
DA:65,1
DA:67,1
DA:69,50
DA:70,50
DA:73,1
DA:75,1
DA:77,50
DA:78,50
DA:81,1
DA:90,1
DA:91,1
DA:92,1
DA:94,1
DA:95,1
DA:97,1
DA:99,1
DA:100,1
DA:109,1
DA:110,1
DA:111,1
DA:113,1
DA:114,1
DA:116,1
DA:118,1
DA:119,1
DA:128,30
DA:129,30
DA:130,30
DA:131,30
DA:132,30
DA:134,30
DA:136,30
DA:138,30
DA:140,0
DA:150,2
DA:152,2
DA:154,2
DA:163,1
DA:172,1
DA:181,1
DA:190,1
DA:199,1
DA:208,1
DA:217,1
DA:226,1
DA:235,1
DA:244,0
DA:245,0
DA:247,0
DA:249,0
DA:251,0
DA:254,0
DA:256,0
DA:266,0
DA:268,0
DA:279,0
DA:288,1
DA:289,1
DA:290,1
LF:60
LH:49
BRDA:64,1,0,1
BRDA:64,1,1,0
BRDA:65,2,0,1
BRDA:65,2,1,0
BRDA:69,3,0,50
BRDA:69,3,1,0
BRDA:70,4,0,50
BRDA:70,4,1,0
BRDA:90,5,0,1
BRDA:90,5,1,0
BRDA:91,6,0,1
BRDA:91,6,1,0
BRDA:92,7,0,1
BRDA:92,7,1,0
BRDA:95,8,0,1
BRDA:95,8,1,0
BRDA:109,9,0,1
BRDA:109,9,1,0
BRDA:110,10,0,1
BRDA:110,10,1,0
BRDA:111,11,0,1
BRDA:111,11,1,0
BRDA:114,12,0,1
BRDA:114,12,1,0
BRDA:128,13,0,30
BRDA:128,13,1,0
BRDA:129,14,0,30
BRDA:129,14,1,0
BRDA:130,15,0,30
BRDA:130,15,1,0
BRDA:131,16,0,30
BRDA:131,16,1,0
BRDA:132,17,0,30
BRDA:132,17,1,0
BRDA:138,18,0,0
BRDA:138,18,1,30
BRDA:150,19,0,2
BRDA:150,19,1,0
BRDA:244,20,0,0
BRDA:244,20,1,0
BRDA:245,21,0,0
BRDA:245,21,1,0
BRDA:249,22,0,0
BRDA:249,22,1,0
BRDA:254,23,0,0
BRDA:254,23,1,0
BRDA:266,24,0,0
BRDA:266,24,1,0
BRDA:289,25,0,1
BRDA:289,25,1,0
BRF:50
BRH:20
end_of_record
TN:
SF:/home/oncemore/blockchainwork/solaverse/contract/contracts/Star.sol
FN:10,constructor
FN:12,mint
FNF:2
FNH:2
FNDA:3,constructor
FNDA:1,mint
DA:13,1
DA:14,50
DA:15,1
LF:3
LH:3
BRF:0
BRH:0
end_of_record
